<?xml version="1.0" encoding="UTF-8"?>
<coverage generated="1677780164900" clover="3.2.0">
  <project timestamp="1677780164900" name="All files">
    <metrics statements="62" coveredstatements="59" conditionals="12" coveredconditionals="8" methods="10" coveredmethods="10" elements="84" coveredelements="77" complexity="0" loc="62" ncloc="62" packages="8" files="9" classes="9"/>
    <package name="src">
      <metrics statements="12" coveredstatements="12" conditionals="2" coveredconditionals="1" methods="2" coveredmethods="2"/>
      <file name="index.js" path="C:\Users\TGT\Desktop\ecommerce-app-champions-bn\src\index.js">
        <metrics statements="12" coveredstatements="12" conditionals="2" coveredconditionals="1" methods="2" coveredmethods="2"/>
        <line num="10" count="1" type="stmt"/>
        <line num="12" count="1" type="stmt"/>
        <line num="13" count="1" type="stmt"/>
        <line num="14" count="1" type="stmt"/>
        <line num="16" count="1" type="cond" truecount="1" falsecount="1"/>
        <line num="18" count="1" type="stmt"/>
        <line num="19" count="1" type="stmt"/>
        <line num="20" count="1" type="stmt"/>
        <line num="23" count="1" type="stmt"/>
        <line num="25" count="1" type="stmt"/>
        <line num="26" count="1" type="stmt"/>
        <line num="28" count="1" type="stmt"/>
      </file>
    </package>
    <package name="src.api-docs">
      <metrics statements="4" coveredstatements="4" conditionals="0" coveredconditionals="0" methods="1" coveredmethods="1"/>
      <file name="swagger.js" path="C:\Users\TGT\Desktop\ecommerce-app-champions-bn\src\api-docs\swagger.js">
        <metrics statements="4" coveredstatements="4" conditionals="0" coveredconditionals="0" methods="1" coveredmethods="1"/>
        <line num="4" count="1" type="stmt"/>
        <line num="40" count="1" type="stmt"/>
        <line num="42" count="1" type="stmt"/>
        <line num="43" count="1" type="stmt"/>
      </file>
    </package>
    <package name="src.controllers">
      <metrics statements="8" coveredstatements="7" conditionals="0" coveredconditionals="0" methods="1" coveredmethods="1"/>
      <file name="userController.js" path="C:\Users\TGT\Desktop\ecommerce-app-champions-bn\src\controllers\userController.js">
        <metrics statements="8" coveredstatements="7" conditionals="0" coveredconditionals="0" methods="1" coveredmethods="1"/>
        <line num="1" count="1" type="stmt"/>
        <line num="3" count="1" type="stmt"/>
        <line num="4" count="1" type="stmt"/>
        <line num="5" count="1" type="stmt"/>
        <line num="6" count="1" type="stmt"/>
        <line num="11" count="1" type="stmt"/>
        <line num="12" count="1" type="stmt"/>
        <line num="16" count="0" type="stmt"/>
      </file>
    </package>
    <package name="src.database">
      <metrics statements="7" coveredstatements="6" conditionals="0" coveredconditionals="0" methods="1" coveredmethods="1"/>
      <file name="connectDb.js" path="C:\Users\TGT\Desktop\ecommerce-app-champions-bn\src\database\connectDb.js">
        <metrics statements="7" coveredstatements="6" conditionals="0" coveredconditionals="0" methods="1" coveredmethods="1"/>
        <line num="4" count="1" type="stmt"/>
        <line num="6" count="1" type="stmt"/>
        <line num="7" count="1" type="stmt"/>
        <line num="8" count="1" type="stmt"/>
        <line num="9" count="1" type="stmt"/>
        <line num="10" count="1" type="stmt"/>
        <line num="12" count="0" type="stmt"/>
      </file>
    </package>
    <package name="src.database.config">
      <metrics statements="2" coveredstatements="2" conditionals="0" coveredconditionals="0" methods="0" coveredmethods="0"/>
      <file name="config.js" path="C:\Users\TGT\Desktop\ecommerce-app-champions-bn\src\database\config\config.js">
        <metrics statements="2" coveredstatements="2" conditionals="0" coveredconditionals="0" methods="0" coveredmethods="0"/>
        <line num="1" count="1" type="stmt"/>
        <line num="3" count="1" type="stmt"/>
      </file>
    </package>
    <package name="src.database.models">
      <metrics statements="25" coveredstatements="24" conditionals="10" coveredconditionals="7" methods="5" coveredmethods="5"/>
      <file name="index.js" path="C:\Users\TGT\Desktop\ecommerce-app-champions-bn\src\database\models\index.js">
        <metrics statements="21" coveredstatements="20" conditionals="10" coveredconditionals="7" methods="3" coveredmethods="3"/>
        <line num="1" count="1" type="stmt"/>
        <line num="2" count="1" type="stmt"/>
        <line num="3" count="1" type="stmt"/>
        <line num="4" count="1" type="stmt"/>
        <line num="6" count="1" type="stmt"/>
        <line num="7" count="1" type="cond" truecount="1" falsecount="1"/>
        <line num="8" count="1" type="stmt"/>
        <line num="10" count="1" type="stmt"/>
        <line num="13" count="1" type="cond" truecount="1" falsecount="1"/>
        <line num="14" count="0" type="stmt"/>
        <line num="16" count="1" type="stmt"/>
        <line num="22" count="1" type="stmt"/>
        <line num="24" count="2" type="stmt"/>
        <line num="33" count="1" type="stmt"/>
        <line num="37" count="1" type="stmt"/>
        <line num="40" count="1" type="stmt"/>
        <line num="41" count="1" type="cond" truecount="1" falsecount="1"/>
        <line num="42" count="1" type="stmt"/>
        <line num="46" count="1" type="stmt"/>
        <line num="47" count="1" type="stmt"/>
        <line num="49" count="1" type="stmt"/>
      </file>
      <file name="user.js" path="C:\Users\TGT\Desktop\ecommerce-app-champions-bn\src\database\models\user.js">
        <metrics statements="4" coveredstatements="4" conditionals="0" coveredconditionals="0" methods="2" coveredmethods="2"/>
        <line num="1" count="1" type="stmt"/>
        <line num="3" count="1" type="stmt"/>
        <line num="14" count="1" type="stmt"/>
        <line num="38" count="1" type="stmt"/>
      </file>
    </package>
    <package name="src.routes">
      <metrics statements="2" coveredstatements="2" conditionals="0" coveredconditionals="0" methods="0" coveredmethods="0"/>
      <file name="index.js" path="C:\Users\TGT\Desktop\ecommerce-app-champions-bn\src\routes\index.js">
        <metrics statements="2" coveredstatements="2" conditionals="0" coveredconditionals="0" methods="0" coveredmethods="0"/>
        <line num="4" count="1" type="stmt"/>
        <line num="6" count="1" type="stmt"/>
      </file>
    </package>
    <package name="src.routes.api">
      <metrics statements="2" coveredstatements="2" conditionals="0" coveredconditionals="0" methods="0" coveredmethods="0"/>
      <file name="user.route.js" path="C:\Users\TGT\Desktop\ecommerce-app-champions-bn\src\routes\api\user.route.js">
        <metrics statements="2" coveredstatements="2" conditionals="0" coveredconditionals="0" methods="0" coveredmethods="0"/>
        <line num="5" count="1" type="stmt"/>
        <line num="7" count="1" type="stmt"/>
      </file>
    </package>
  </project>
</coverage>
